<?xml version="1.0" encoding="UTF-8"?>
<!-- Generated by org.testng.reporters.JUnitReportReporter -->
<testsuite hostname="MacBook-Pro-Elina.local" failures="0" tests="1" name="SixthTask" time="1.502" errors="0" timestamp="2024-04-30T12:53:34 OMST" skipped="0">
  <testcase classname="SixthTask" name="testTrianglePuzzle" time="1.502"/>
  <system-out/>
</testsuite> <!-- SixthTask -->
